0 info it worked if it ends with ok
1 verbose cli [ '/usr/local/Cellar/node/7.2.1/bin/node',
1 verbose cli   '/usr/local/bin/npm',
1 verbose cli   'run',
1 verbose cli   'build' ]
2 info using npm@3.10.9
3 info using node@v7.2.1
4 verbose run-script [ 'prebuild', 'build', 'postbuild' ]
5 info lifecycle react-server@1.0.0~prebuild: react-server@1.0.0
6 silly lifecycle react-server@1.0.0~prebuild: no script for prebuild, continuing
7 info lifecycle react-server@1.0.0~build: react-server@1.0.0
8 verbose lifecycle react-server@1.0.0~build: unsafe-perm in lifecycle true
9 verbose lifecycle react-server@1.0.0~build: PATH: /usr/local/lib/node_modules/npm/bin/node-gyp-bin:/Users/xin/Code/myGitHubProject/react-demos/demo1/demo13/node_modules/.bin:/usr/local/Cellar/node/7.2.1/bin:/Library/Frameworks/Python.framework/Versions/3.6/bin:/Users/xin/anaconda/bin:/Library/Frameworks/Python.framework/Versions/2.7/bin:/Library/Frameworks/Python.framework/Versions/3.6/bin:/Library/Frameworks/Python.framework/Versions/3.5/bin:/opt/subversion/bin:/Library/Java/JavaVirtualMachines/jdk1.8.0_111.jdk/Contents/Home/bin:/usr/local/bin:/usr/bin:/bin:/usr/sbin:/sbin:/opt/X11/bin:.:/Users/xin/Library/Android/sdk/platform-tools:/Users/xin/Documents/MyShellTools:/Users/xin/Library/Android/sdk:/Users/xin/Android/devTool/android-ndk-r10e:/Library/Java/JavaVirtualMachines/jdk1.8.0_111.jdk/Contents/Home:/Users/xin/Library/Android/sdk/tools:/Users/xin/software/apache-maven-3.5.0/bin
10 verbose lifecycle react-server@1.0.0~build: CWD: /Users/xin/Code/myGitHubProject/react-demos/demo1/demo13
11 silly lifecycle react-server@1.0.0~build: Args: [ '-c', 'babel -d . src/' ]
12 silly lifecycle react-server@1.0.0~build: Returned: code: 1  signal: null
13 info lifecycle react-server@1.0.0~build: Failed to exec build script
14 verbose stack Error: react-server@1.0.0 build: `babel -d . src/`
14 verbose stack Exit status 1
14 verbose stack     at EventEmitter.<anonymous> (/usr/local/lib/node_modules/npm/lib/utils/lifecycle.js:255:16)
14 verbose stack     at emitTwo (events.js:106:13)
14 verbose stack     at EventEmitter.emit (events.js:191:7)
14 verbose stack     at ChildProcess.<anonymous> (/usr/local/lib/node_modules/npm/lib/utils/spawn.js:40:14)
14 verbose stack     at emitTwo (events.js:106:13)
14 verbose stack     at ChildProcess.emit (events.js:191:7)
14 verbose stack     at maybeClose (internal/child_process.js:885:16)
14 verbose stack     at Process.ChildProcess._handle.onexit (internal/child_process.js:226:5)
15 verbose pkgid react-server@1.0.0
16 verbose cwd /Users/xin/Code/myGitHubProject/react-demos/demo1/demo13
17 error Darwin 16.7.0
18 error argv "/usr/local/Cellar/node/7.2.1/bin/node" "/usr/local/bin/npm" "run" "build"
19 error node v7.2.1
20 error npm  v3.10.9
21 error code ELIFECYCLE
22 error react-server@1.0.0 build: `babel -d . src/`
22 error Exit status 1
23 error Failed at the react-server@1.0.0 build script 'babel -d . src/'.
23 error Make sure you have the latest version of node.js and npm installed.
23 error If you do, this is most likely a problem with the react-server package,
23 error not with npm itself.
23 error Tell the author that this fails on your system:
23 error     babel -d . src/
23 error You can get information on how to open an issue for this project with:
23 error     npm bugs react-server
23 error Or if that isn't available, you can get their info via:
23 error     npm owner ls react-server
23 error There is likely additional logging output above.
24 verbose exit [ 1, true ]
